  소스.cpp
C:\Users\82109\Desktop\AppStudy\DTW_C\DTW_C\소스.cpp(93,48): warning C4804: '<=': 연산에 'bool' 형식을 사용하는 것은 안전하지 않습니다.
C:\Users\82109\Desktop\AppStudy\DTW_C\DTW_C\소스.cpp(94,42): warning C4244: '인수': 'int'에서 'float'(으)로 변환하면서 데이터가 손실될 수 있습니다.
C:\Users\82109\Desktop\AppStudy\DTW_C\DTW_C\소스.cpp(94,36): warning C4244: '인수': 'int'에서 'float'(으)로 변환하면서 데이터가 손실될 수 있습니다.
C:\Users\82109\Desktop\AppStudy\DTW_C\DTW_C\소스.cpp(94,32): warning C4244: '=': 'float'에서 'int'(으)로 변환하면서 데이터가 손실될 수 있습니다.
C:\Users\82109\Desktop\AppStudy\DTW_C\DTW_C\소스.cpp(123,47): warning C4244: '인수': 'float'에서 '_Ty'(으)로 변환하면서 데이터가 손실될 수 있습니다.
          with
          [
              _Ty=int
          ]
C:\Users\82109\Desktop\AppStudy\DTW_C\DTW_C\소스.cpp(124,47): warning C4244: '인수': 'float'에서 '_Ty'(으)로 변환하면서 데이터가 손실될 수 있습니다.
          with
          [
              _Ty=int
          ]
C:\Program Files\Microsoft Visual Studio\2022\Community\VC\Tools\MSVC\14.30.30705\include\xutility(4022,16): error C3863: 배열 형식 'int [8]'은(는) 할당할 수 없습니다.
C:\Program Files\Microsoft Visual Studio\2022\Community\VC\Tools\MSVC\14.30.30705\include\xutility(4034): message : 컴파일되는 함수 템플릿 인스턴스화 '_OutIt std::_Copy_unchecked<_InIt,_OutIt>(_InIt,_InIt,_OutIt)'에 대한 참조를 확인하세요.
          with
          [
              _OutIt=int (*)[8],
              _InIt=int *
          ]
C:\Users\82109\Desktop\AppStudy\DTW_C\DTW_C\소스.cpp(99): message : 컴파일되는 함수 템플릿 인스턴스화 '_OutIt (*std::copy<int*,int(*)[8]>(_InIt,_InIt,_OutIt))[8]'에 대한 참조를 확인하세요.
          with
          [
              _OutIt=int (*)[8],
              _InIt=int *
          ]
